2023-01-15 19:37:59.779 INFO     FileSync           Starting FileSync
2023-01-15 19:37:59.792 DEBUG    FileSyncServer     Broadcasting 1 files
2023-01-15 19:38:14.797 DEBUG    FileSyncServer     Broadcasting 1 files
2023-01-15 19:38:29.801 DEBUG    FileSyncServer     Broadcasting 1 files
2023-01-15 19:38:44.806 DEBUG    FileSyncServer     Broadcasting 1 files
2023-01-15 19:38:45.508 DEBUG    FileSyncClient     Received 1 from 192.168.0.183
2023-01-15 19:38:45.508 INFO     FileSyncClient     Downloading a.txt from 192.168.0.183, because it's modified
2023-01-15 19:38:59.811 DEBUG    FileSyncServer     Broadcasting 1 files
2023-01-15 19:39:00.523 DEBUG    FileSyncClient     Received 1 from 192.168.0.183
2023-01-15 19:39:14.823 DEBUG    FileSyncServer     Broadcasting 1 files
2023-01-15 19:39:15.539 DEBUG    FileSyncClient     Received 1 from 192.168.0.183
2023-01-15 19:39:29.828 DEBUG    FileSyncServer     Broadcasting 1 files
2023-01-15 19:39:30.552 DEBUG    FileSyncClient     Received 1 from 192.168.0.183
2023-01-15 19:39:44.851 DEBUG    FileSyncServer     Broadcasting 1 files
2023-01-15 19:39:45.570 DEBUG    FileSyncClient     Received 1 from 192.168.0.183
2023-01-15 19:39:59.857 DEBUG    FileSyncServer     Broadcasting 1 files
2023-01-15 19:40:00.633 DEBUG    FileSyncClient     Received 1 from 192.168.0.183
2023-01-15 19:40:00.633 INFO     FileSyncClient     Downloading a.txt from 192.168.0.183, because it's modified
2023-01-15 19:40:14.861 DEBUG    FileSyncServer     Broadcasting 1 files
2023-01-15 19:40:15.687 DEBUG    FileSyncClient     Received 1 from 192.168.0.183
2023-01-15 19:40:29.867 DEBUG    FileSyncServer     Broadcasting 1 files
2023-01-15 19:40:30.744 DEBUG    FileSyncClient     Received 1 from 192.168.0.183
2023-01-15 19:40:30.744 INFO     FileSyncClient     Deleting local a.txt, because it is marked as deleted
2023-01-15 19:40:30.883 INFO     FileSystem         File a.txt is now marked as deleted
2023-01-15 19:40:44.873 DEBUG    FileSyncServer     Broadcasting 1 files
2023-01-15 19:40:45.812 DEBUG    FileSyncClient     Received 1 from 192.168.0.183
2023-01-15 19:40:59.878 DEBUG    FileSyncServer     Broadcasting 1 files
2023-01-15 19:41:00.869 DEBUG    FileSyncClient     Received 1 from 192.168.0.183
2023-01-15 19:41:14.885 DEBUG    FileSyncServer     Broadcasting 1 files
2023-01-15 19:41:15.928 DEBUG    FileSyncClient     Received 1 from 192.168.0.183
2023-01-15 19:41:29.890 DEBUG    FileSyncServer     Broadcasting 1 files
2023-01-15 19:41:30.997 DEBUG    FileSyncClient     Received 1 from 192.168.0.183
2023-01-15 19:41:30.997 INFO     FileSyncClient     Removing a.txt from deleted files
2023-01-15 19:41:44.895 DEBUG    FileSyncServer     Broadcasting 1 files
2023-01-15 19:41:46.62  DEBUG    FileSyncClient     Received 1 from 192.168.0.183
2023-01-15 19:41:59.905 DEBUG    FileSyncServer     Broadcasting 1 files
2023-01-15 19:42:01.119 DEBUG    FileSyncClient     Received 1 from 192.168.0.183
2023-01-15 19:42:04.142 DEBUG    FileSyncClient     FileSyncClientThread stopped
2023-01-15 19:42:04.219 DEBUG    FileServer         FileServerThread stopped
2023-01-15 19:42:04.906 DEBUG    FileSyncServer     FileSyncServerThread stopped
2023-01-15 19:42:04.931 DEBUG    FileSystemWatcher  FileSystemWatcherThread stopped
2023-01-15 19:42:04.931 INFO     FileSync           FileSync stopped
2023-01-15 19:42:17.340 INFO     FileSync           Starting FileSync
2023-01-15 19:42:17.353 DEBUG    FileSyncServer     Broadcasting 1 files
2023-01-15 19:42:29.410 DEBUG    FileSyncClient     Received 1 files from 192.168.0.183
2023-01-15 19:42:29.410 INFO     FileSyncClient     Downloading a.txt from 192.168.0.183, because it's modified
2023-01-15 19:42:32.358 DEBUG    FileSyncServer     Broadcasting 1 files
2023-01-15 19:42:44.469 DEBUG    FileSyncClient     Received 2 files from 192.168.0.183
2023-01-15 19:42:44.469 INFO     FileSyncClient     Downloading b.txt from 192.168.0.183, because it's not in local files
2023-01-15 19:42:47.364 DEBUG    FileSyncServer     Broadcasting 2 files
2023-01-15 19:42:59.531 DEBUG    FileSyncClient     Received 2 files from 192.168.0.183
2023-01-15 19:43:02.369 DEBUG    FileSyncServer     Broadcasting 2 files
2023-01-15 19:43:02.462 INFO     FileServer         Received download request for a.txt from 192.168.0.183
2023-01-15 19:43:02.470 INFO     FileServer         Received download request for b.txt from 192.168.0.183
2023-01-15 19:43:14.592 DEBUG    FileSyncClient     Received 2 files from 192.168.0.183
2023-01-15 19:43:14.592 INFO     FileSyncClient     Deleting local b.txt, because it is marked as deleted
2023-01-15 19:43:14.592 INFO     FileSyncClient     Deleting local a.txt, because it is marked as deleted
2023-01-15 19:43:15.385 INFO     FileSystem         File a.txt is now marked as deleted
2023-01-15 19:43:15.385 INFO     FileSystem         File b.txt is now marked as deleted
2023-01-15 19:43:17.374 DEBUG    FileSyncServer     Broadcasting 2 files
2023-01-15 19:43:29.648 DEBUG    FileSyncClient     Received 2 files from 192.168.0.183
2023-01-15 19:43:32.380 DEBUG    FileSyncServer     Broadcasting 2 files
2023-01-15 19:43:44.710 DEBUG    FileSyncClient     Received 2 files from 192.168.0.183
2023-01-15 19:43:44.710 INFO     FileSyncClient     Removing b.txt from deleted files. Downloading it from 192.168.0.183
2023-01-15 19:43:44.721 INFO     FileSyncClient     Removing a.txt from deleted files. Downloading it from 192.168.0.183
2023-01-15 19:43:47.385 DEBUG    FileSyncServer     Broadcasting 2 files
2023-01-15 19:43:52.992 DEBUG    FileServer         FileServerThread stopped
2023-01-15 19:43:53.387 DEBUG    FileSyncServer     FileSyncServerThread stopped
2023-01-15 19:43:53.404 DEBUG    FileSystemWatcher  FileSystemWatcherThread stopped
2023-01-15 19:43:53.447 DEBUG    FileSyncClient     FileSyncClientThread stopped
2023-01-15 19:43:53.447 INFO     FileSync           FileSync stopped
2023-01-15 20:06:47.881 INFO     FileSync           Starting FileSync
2023-01-15 20:06:47.892 DEBUG    FileSyncServer     Broadcasting 2 files
2023-01-15 20:07:02.900 DEBUG    FileSyncServer     Broadcasting 2 files
2023-01-15 20:07:17.905 DEBUG    FileSyncServer     Broadcasting 2 files
2023-01-15 20:07:32.911 DEBUG    FileSyncServer     Broadcasting 2 files
2023-01-15 20:07:47.916 DEBUG    FileSyncServer     Broadcasting 2 files
2023-01-15 20:08:02.922 DEBUG    FileSyncServer     Broadcasting 2 files
2023-01-15 20:08:17.928 DEBUG    FileSyncServer     Broadcasting 2 files
2023-01-15 20:08:32.933 DEBUG    FileSyncServer     Broadcasting 2 files
2023-01-15 20:08:47.938 DEBUG    FileSyncServer     Broadcasting 2 files
2023-01-15 20:08:52.941 DEBUG    FileSyncServer     FileSyncServerThread stopped
2023-01-15 20:08:52.962 DEBUG    FileSystemWatcher  FileSystemWatcherThread stopped
2023-01-15 20:08:52.992 DEBUG    FileSyncClient     FileSyncClientThread stopped
2023-01-15 20:08:53.165 DEBUG    FileServer         FileServerThread stopped
2023-01-15 20:08:53.165 INFO     FileSync           FileSync stopped
2023-01-15 20:08:53.343 INFO     FileSync           Starting FileSync
2023-01-15 20:08:53.355 DEBUG    FileSyncServer     Broadcasting 2 files
2023-01-15 20:09:08.361 DEBUG    FileSyncServer     FileSyncServerThread stopped
2023-01-15 20:09:08.363 DEBUG    FileSystemWatcher  FileSystemWatcherThread stopped
2023-01-15 20:09:08.494 DEBUG    FileSyncClient     FileSyncClientThread stopped
2023-01-15 20:09:08.494 DEBUG    FileServer         FileServerThread stopped
2023-01-15 20:09:08.494 INFO     FileSync           FileSync stopped
2023-01-15 20:09:08.636 INFO     FileSync           Starting FileSync
2023-01-15 20:09:08.647 DEBUG    FileSyncServer     Broadcasting 2 files
2023-01-15 20:09:23.654 DEBUG    FileSyncServer     Broadcasting 2 files
2023-01-15 20:09:38.659 DEBUG    FileSyncServer     Broadcasting 2 files
2023-01-15 20:09:53.666 DEBUG    FileSyncServer     Broadcasting 2 files
2023-01-15 20:10:08.671 DEBUG    FileSyncServer     Broadcasting 2 files
2023-01-15 20:10:23.677 DEBUG    FileSyncServer     Broadcasting 2 files
2023-01-15 20:10:40.397 DEBUG    FileSyncServer     Broadcasting 2 files
2023-01-15 20:10:40.397 DEBUG    FileSyncServer     FileSyncServerThread stopped
2023-01-15 20:10:40.555 DEBUG    FileServer         FileServerThread stopped
2023-01-15 20:10:40.702 DEBUG    FileSystemWatcher  FileSystemWatcherThread stopped
2023-01-15 20:10:40.702 INFO     FileSync           FileSync stopped
2023-01-15 20:10:40.849 INFO     FileSync           Starting FileSync
2023-01-15 20:10:40.862 DEBUG    FileSyncServer     Broadcasting 2 files
2023-01-15 20:10:55.867 DEBUG    FileSyncServer     Broadcasting 2 files
2023-01-15 20:11:19.91  DEBUG    FileSyncServer     Broadcasting 2 files
2023-01-15 20:11:19.91  DEBUG    FileSyncServer     FileSyncServerThread stopped
2023-01-15 20:11:19.268 DEBUG    FileServer         FileServerThread stopped
2023-01-15 20:11:19.885 DEBUG    FileSystemWatcher  FileSystemWatcherThread stopped
2023-01-15 20:11:19.885 INFO     FileSync           FileSync stopped
2023-01-15 20:11:40.827 INFO     FileSync           Starting FileSync
2023-01-15 20:11:40.839 DEBUG    FileSyncServer     Broadcasting 2 files
2023-01-15 20:11:55.847 DEBUG    FileSyncServer     Broadcasting 2 files
2023-01-15 20:12:10.851 DEBUG    FileSyncServer     Broadcasting 2 files
2023-01-15 20:12:25.857 DEBUG    FileSyncServer     Broadcasting 2 files
2023-01-15 20:12:40.862 DEBUG    FileSyncServer     Broadcasting 2 files
2023-01-15 20:12:55.870 DEBUG    FileSyncServer     Broadcasting 2 files
2023-01-15 20:13:10.874 DEBUG    FileSyncServer     Broadcasting 2 files
2023-01-15 20:13:15.826 DEBUG    FileServer         FileServerThread stopped
2023-01-15 20:13:15.877 DEBUG    FileSyncServer     FileSyncServerThread stopped
2023-01-15 20:13:15.894 DEBUG    FileSystemWatcher  FileSystemWatcherThread stopped
2023-01-15 20:13:15.894 INFO     FileSync           FileSync stopped
2023-01-15 20:14:06.498 INFO     FileSync           Starting FileSync
2023-01-15 20:14:06.510 DEBUG    FileSyncServer     Broadcasting 2 files
2023-01-15 20:14:19.897 DEBUG    FileSyncClient     Received 0 files from 192.168.0.183
2023-01-15 20:14:21.517 DEBUG    FileSyncServer     Broadcasting 2 files
2023-01-15 20:14:21.565 INFO     FileServer         Received download request for a.txt from 192.168.0.183
2023-01-15 20:14:21.572 INFO     FileServer         Received download request for b.txt from 192.168.0.183
2023-01-15 20:14:34.913 DEBUG    FileSyncClient     Received 2 files from 192.168.0.183
2023-01-15 20:14:36.533 DEBUG    FileSyncServer     Broadcasting 2 files
2023-01-15 20:14:36.616 INFO     FileServer         Received download request for b.txt from 192.168.0.183
2023-01-15 20:14:49.928 DEBUG    FileSyncClient     Received 2 files from 192.168.0.183
2023-01-15 20:14:51.538 DEBUG    FileSyncServer     Broadcasting 2 files
2023-01-15 20:15:04.987 DEBUG    FileSyncClient     Received 2 files from 192.168.0.183
2023-01-15 20:15:06.545 DEBUG    FileSyncServer     Broadcasting 2 files
2023-01-15 20:15:20.47  DEBUG    FileSyncClient     Received 2 files from 192.168.0.183
2023-01-15 20:15:21.550 DEBUG    FileSyncServer     Broadcasting 2 files
2023-01-15 20:15:21.568 INFO     FileServer         Received download request for a.txt from 192.168.0.183
2023-01-15 20:15:21.579 INFO     FileServer         Received download request for b.txt from 192.168.0.183
2023-01-15 20:15:35.108 DEBUG    FileSyncClient     Received 2 files from 192.168.0.183
2023-01-15 20:15:35.108 INFO     FileSyncClient     Deleting local a.txt, because it is marked as deleted
2023-01-15 20:15:35.108 INFO     FileSyncClient     Deleting local b.txt, because it is marked as deleted
2023-01-15 20:15:35.565 INFO     FileSystem         File a.txt is now marked as deleted
2023-01-15 20:15:35.565 INFO     FileSystem         File b.txt is now marked as deleted
2023-01-15 20:15:36.556 DEBUG    FileSyncServer     Broadcasting 2 files
2023-01-15 20:15:51.562 DEBUG    FileSyncServer     Broadcasting 2 files
2023-01-15 20:16:06.567 DEBUG    FileSyncServer     Broadcasting 2 files
2023-01-15 20:16:21.571 DEBUG    FileSyncServer     Broadcasting 2 files
2023-01-15 20:16:25.573 DEBUG    FileSyncServer     FileSyncServerThread stopped
2023-01-15 20:16:25.589 DEBUG    FileSystemWatcher  FileSystemWatcherThread stopped
2023-01-15 20:16:25.621 DEBUG    FileSyncClient     FileSyncClientThread stopped
2023-01-15 20:16:26.232 DEBUG    FileServer         FileServerThread stopped
2023-01-15 20:16:26.232 INFO     FileSync           FileSync stopped
2023-01-15 20:19:25.371 INFO     FileSync           Starting FileSync
2023-01-15 20:19:25.383 DEBUG    FileSyncServer     Broadcasting 0 files
2023-01-15 20:19:28.385 DEBUG    FileSystemWatcher  FileSystemWatcherThread stopped
2023-01-15 20:19:28.385 DEBUG    FileSyncServer     FileSyncServerThread stopped
2023-01-15 20:19:28.415 DEBUG    FileSyncClient     FileSyncClientThread stopped
2023-01-15 20:19:28.415 DEBUG    FileServer         FileServerThread stopped
2023-01-15 20:19:28.415 INFO     FileSync           FileSync stopped
2023-01-15 20:19:42.980 INFO     FileSync           Starting FileSync
2023-01-15 20:20:34.854 INFO     FileSync           Starting FileSync
2023-01-15 20:21:16.658 INFO     FileSync           Starting FileSync
2023-01-15 20:21:16.670 DEBUG    FileSyncServer     Broadcasting 0 files
2023-01-15 20:21:18.672 DEBUG    FileSyncServer     FileSyncServerThread stopped
2023-01-15 20:21:18.672 DEBUG    FileSystemWatcher  FileSystemWatcherThread stopped
2023-01-15 20:21:18.692 DEBUG    FileSyncClient     FileSyncClientThread stopped
2023-01-15 20:21:18.692 DEBUG    FileServer         FileServerThread stopped
2023-01-15 20:21:18.692 INFO     FileSync           FileSync stopped
2023-01-15 20:21:21.230 INFO     FileSync           Starting FileSync
2023-01-15 20:21:21.242 DEBUG    FileSyncServer     Broadcasting 0 files
2023-01-15 20:21:22.242 DEBUG    FileSystemWatcher  FileSystemWatcherThread stopped
2023-01-15 20:21:22.243 DEBUG    FileSyncServer     FileSyncServerThread stopped
2023-01-15 20:21:22.248 DEBUG    FileServer         FileServerThread stopped
2023-01-15 20:21:22.248 DEBUG    FileSyncClient     FileSyncClientThread stopped
2023-01-15 20:21:22.248 INFO     FileSync           FileSync stopped
2023-01-15 20:22:39.211 INFO     FileSync           Starting FileSync
2023-01-15 20:22:39.225 DEBUG    FileSyncServer     Broadcasting 0 files
2023-01-15 20:22:43.226 DEBUG    FileSyncServer     FileSyncServerThread stopped
2023-01-15 20:22:43.227 DEBUG    FileSystemWatcher  FileSystemWatcherThread stopped
2023-01-15 20:22:43.276 DEBUG    FileSyncClient     FileSyncClientThread stopped
2023-01-15 20:22:43.276 DEBUG    FileServer         FileServerThread stopped
2023-01-15 20:22:43.276 INFO     FileSync           FileSync stopped
2023-01-15 20:22:45.233 INFO     FileSync           Starting FileSync
2023-01-15 20:22:45.246 DEBUG    FileSyncServer     Broadcasting 0 files
2023-01-15 20:22:50.248 DEBUG    FileSyncServer     FileSyncServerThread stopped
2023-01-15 20:22:50.249 DEBUG    FileSystemWatcher  FileSystemWatcherThread stopped
2023-01-15 20:22:50.285 DEBUG    FileServer         FileServerThread stopped
2023-01-15 20:22:50.285 DEBUG    FileSyncClient     FileSyncClientThread stopped
2023-01-15 20:22:50.285 INFO     FileSync           FileSync stopped
2023-01-15 20:22:55.275 INFO     FileSync           Starting FileSync
2023-01-15 20:22:55.287 DEBUG    FileSyncServer     Broadcasting 0 files
2023-01-15 20:22:57.287 DEBUG    FileSystemWatcher  FileSystemWatcherThread stopped
2023-01-15 20:22:57.288 DEBUG    FileSyncServer     FileSyncServerThread stopped
2023-01-15 20:22:57.307 DEBUG    FileSyncClient     FileSyncClientThread stopped
2023-01-15 20:22:57.307 DEBUG    FileServer         FileServerThread stopped
2023-01-15 20:22:57.307 INFO     FileSync           FileSync stopped
2023-01-15 20:24:16.621 INFO     FileSync           Starting FileSync
2023-01-15 20:24:56.733 INFO     FileSync           Starting FileSync
2023-01-15 20:24:56.744 DEBUG    FileSyncServer     Broadcasting 0 files
2023-01-15 20:24:59.746 DEBUG    FileSystemWatcher  FileSystemWatcherThread stopped
2023-01-15 20:24:59.747 DEBUG    FileSyncServer     FileSyncServerThread stopped
2023-01-15 20:24:59.772 DEBUG    FileServer         FileServerThread stopped
2023-01-15 20:24:59.772 DEBUG    FileSyncClient     FileSyncClientThread stopped
2023-01-15 20:24:59.772 INFO     FileSync           FileSync stopped
2023-01-15 20:30:57.901 INFO     FileSync           Starting FileSync
2023-01-15 20:30:57.913 DEBUG    FileSyncServer     Broadcasting 0 files
2023-01-15 20:30:59.914 DEBUG    FileSystemWatcher  FileSystemWatcherThread stopped
2023-01-15 20:30:59.914 DEBUG    FileSyncServer     FileSyncServerThread stopped
2023-01-15 20:30:59.935 DEBUG    FileSyncClient     FileSyncClientThread stopped
2023-01-15 20:30:59.935 DEBUG    FileServer         FileServerThread stopped
2023-01-15 20:30:59.936 INFO     FileSync           FileSync stopped
